 Arthur_Forrester have set Arthur_Forrester's money to $100 !
 Arthur_Forrester have set Arthur_Forrester's money to $200 !
 Arthur_Forrester have given Arthur_Forrester $10000 !
 Arthur_Forrester have given Arthur_Forrester $100 !
 Arthur_Forrester have given Arthur_Forrester $100 !
 Arthur_Forrester have given Arthur_Forrester $100 !
 Arthur_Forrester have given Arthur_Forrester $100 !
 Arthur_Forrester have set Arthur_Forrester's money to $0 !
 Arthur_Forrester have given Arthur_Forrester $1 !
 Arthur_Forrester have given Arthur_Forrester $100 !
 Arthur_Forrester have given Arthur_Forrester $100 !
 Arthur_Forrester have set Arthur_Forrester's money to $100 !
 Arthur_Forrester have set Arthur_Forrester's money to $50 !
 Arthur_Forrester have given Arthur_Forrester $100 !
 Arthur_Forrester have given Arthur_Forrester $100000 !
Solihin: ZidanMania have given admin gun 24 to Ateng!
Solihin: ZidanMania have given admin gun 24 to Ateng!
Solihin: ZidanMania have given admin gun 29 to Ateng!
Solihin: ZidanMania have given admin gun 29 to Arthur_Forrester!
 Arthur_Forrester have set Arthur_Forrester's money to $0 !
 Arthur_Forrester have set Arthur_Forrester's money to $1000 !
 Arthur_Forrester have given Arthur_Forrester $1000 !
 Arthur_Forrester have given Arthur_Forrester $10000 !
 Arthur_Forrester have given Arthur_Forrester $1600 !
 Arthur_Forrester have given Arthur_Forrester $1600 !
 Arthur_Forrester have given Arthur_Forrester $1600 !
 Arthur_Forrester have given Arthur_Forrester $16000 !
 Arthur_Forrester have given Arthur_Forrester $10000 !
 Arthur_Forrester have set Arthur_Forrester's money to $2500 !
Solihin: ZidanMania have given admin gun 25 to Ateng!
Solihin: ZidanMania have given admin gun 25 to Ateng!
Solihin: ZidanMania have given refund player gun 31 to Arthur_Forrester!
 Arthur_Forrester have set Arthur_Forrester's money to $14000 !
 Arthur_Forrester have given Arthur_Forrester $200000 !
Solihin: ZidanMania have given refund player gun 4 to Arthur_Forrester!
 Arthur_Forrester have set Arthur_Forrester's money to $1000 !
 Arthur_Forrester have set Arthur_Forrester's money to $100000 !
Solihin: ZidanMania have given admin gun 25 to Ateng!
 Arthur_Forrester have set Arthur_Forrester's money to $0 !
 Arthur_Forrester have set Ateng's money to $0 !
Solihin: ZidanMania have given refund player gun 24 to Arthur_Forrester!
Solihin: ZidanMania have given refund player gun 25 to Arthur_Forrester!
Solihin: ZidanMania have given refund player gun 30 to Arthur_Forrester!
 Arthur_Forrester have set Arthur_Forrester's money to $1000 !
 Arthur_Forrester have set Arthur_Forrester's money to $1000 !
 Arthur_Forrester have set Arthur_Forrester's money to $901 !
 Arthur_Forrester have given Arthur_Forrester $100000 !
Solihin: ZidanMania have given admin gun 25 to Arthur_Forrester!
 Arthur_Forrester have given Arthur_Forrester $1000 !
Solihin:  have given admin gun 4 to Wyatt_Price!
Solihin:  have given admin gun 24 to Ateng!
Solihin:  have given admin gun 25 to Wyatt_Price!
Solihin: Gamers have given admin gun 25 to Ateng!
Solihin: Gamers have given admin gun 24 to Ateng!
Solihin: Gamers have given admin gun 29 to Ateng!
Solihin: Gamers have given admin gun 24 to Ateng!
 Wyatt_Price have set Wyatt_Price's money to $200 !
Solihin: Gamers have given admin gun 25 to Ateng!
Solihin: Gamers have given admin gun 29 to Ateng!
Solihin: Gamers have given admin gun 29 to Ateng!
 Wyatt_Price have given Wyatt_Price $1000 !
Solihin: Gamers have given admin gun 29 to Ateng!
 Wyatt_Price have given Wyatt_Price 199 Gold Coin !
 Wyatt_Price have given Wyatt_Price 1999 Gold Coin !
 Wyatt_Price have given Wyatt_Price $10000 !
Solihin: Gamers have given admin gun 24 to Wyatt_Price!
Solihin: Gamers have given admin gun 9 to Wyatt_Price!
(15/12/2020)[23:10:12] Wyatt_Price Has Set Job id 7 To Wyatt_Price.
 Wyatt_Price have given Wyatt_Price $15000 !
 Wyatt_Price have set Wyatt_Price's money to $0 !
Solihin: Gamers have given admin gun 24 to Wyatt_Price!
Solihin: Gamers have given admin gun 24 to Wyatt_Price!
 Wyatt_Price have set Wyatt_Price's donation time to $100 Seconds !
 Wyatt_Price have set Wyatt_Price's donation time to $180000 Seconds !
 Wyatt_Price have set Wyatt_Price's donation time to $10 Seconds !
 Wyatt_Price have set Wyatt_Price's donation time to $60 Seconds !
 Wyatt_Price have set Wyatt_Price's donation time to $180 Seconds !
 Wyatt_Price have set Wyatt_Price's donation time to $3600 Seconds !
 Wyatt_Price have given Wyatt_Price 100 Gold Coin !
Solihin: Gamers have given admin gun 24 to Wyatt_Price!
Solihin: Gamers have given admin gun 24 to Wyatt_Price!
Solihin: Gamers have given admin gun 24 to Wyatt_Price!
Solihin: Gamers have given admin gun 24 to Wyatt_Price!
Solihin: Gamers have given admin gun 24 to Wyatt_Price!
[BOT]Vladimir: zidanmania have given refund player gun 24 (Ammo: 24) to Jack_Lahuna!
[BOT]Vladimir: zidanmania have given refund player gun 24 (Ammo: 24) to Jack_Lahuna!
[BOT]Vladimir: zidanmania have given refund player gun 31 (Ammo: 31) to Jack_Lahuna!
[BOT]Vladimir: zidanmania have given refund player gun 31 (Ammo: 31) to Jack_Lahuna!
[BOT]Vladimir: zidanmania have given refund player gun 31 (Ammo: 31) to Jack_Lahuna!
[BOT]Vladimir: zidanmania have given refund player gun 24 (Ammo: 24) to Steve_McCarrel!
[BOT]Vladimir: zidanmania have given refund player gun 24 (Ammo: 24) to Steve_McCarrel!
[BOT]Vladimir: zidanmania have given refund player gun 31 (Ammo: 31) to Steve_McCarrel!
[BOT]Vladimir: zidanmania have given refund player gun 24 (Ammo: 24) to Steve_McCarrel!
[BOT]Vladimir: zidanmania have given admin gun 31 to Steve_McCarrel!
[BOT]Vladimir: zidanmania have given refund player gun 24 (Ammo: 2) to Steve_McCarrel!
[BOT]Vladimir:  have given refund player gun 24 (Ammo: 1) to Steve_McCarrel!
[BOT]Vladimir:  have given refund player gun 31 (Ammo: 420) to Steve_McCarrel!
[BOT]Vladimir:  have given refund player gun 24 (Ammo: 1) to Steve_McCarrel!
[BOT]Vladimir:  have given refund player gun 24 (Ammo: 4) to Steve_McCarrel!
[BOT]Vladimir:  have given refund player gun 31 (Ammo: 4) to Steve_McCarrel!
[BOT]Vladimir: zidanmania have given refund player gun 24 (Ammo: 3) to Jack_Lahuna!
[BOT]Vladimir: zidanmania have given refund player gun 31 (Ammo: 4) to Jack_Lahuna!
[BOT]Vladimir: zidanmania have given refund player gun 24 (Ammo: 96) to Jack_Lahuna!
[BOT]Vladimir: zidanmania have given refund player gun 24 (Ammo: 96) to Jack_Lahuna!
[BOT]Vladimir: zidanmania have given refund player gun 24 (Ammo: 96) to Jack_Lahuna!
[BOT]Vladimir: zidanmania have given refund player gun 28 (Ammo: 240) to Jack_Lahuna!
[BOT]Vladimir: zidanmania have given refund player gun 32 (Ammo: 240) to Jack_Lahuna!
 Jack_Lahuna have given Jack_Lahuna $2000 !
UjangBOT:  have given admin gun 23 to Ilham_Johnz!
UjangBOT:  have given admin gun 23 to Ujank_Selekz!
UjangBOT:  have given admin gun 34 to Ujank_Selekz!
UjangBOT:  have given admin gun 34 to Ilham_Johnz!
UjangBOT:  have given admin gun 34 to Ilham_Johnz!
UjangBOT:  have given admin gun 34 to Ujank_Selekz!
UjangBOT:  have given admin gun 34 to Ilham_Johnz!
 Ilham_Johnz have given Ilham_Johnz $1000 !
 Ilham_Johnz have given Ilham_Johnz $1000 !
UjangBOT:  have given admin gun 34 to Ilham_Johnz!
UjangBOT:  have given admin gun 34 to Ujank_Selekz!
UjangBOT: zidanmania have given refund player gun 24 (Ammo: 96) to Ilham_Johnz!
UjangBOT: zidanmania have given refund player gun 24 (Ammo: 1) to Ilham_Johnz!
UjangBOT: zidanmania have given refund player gun 31 (Ammo: 1) to Ilham_Johnz!
UjangBOT: zidanmania have given refund player gun 41 (Ammo: 1) to Ilham_Johnz!
UjangBOT: zidanmania have given refund player gun 34 (Ammo: 1) to Ilham_Johnz!
UjangBOT: zidanmania have given refund player gun 31 (Ammo: 420) to Ilham_Johnz!
(9/6/2021)[15:24:14] Ilham_Johnz Has Set Job id 9 To Ilham_Johnz.
UjangBOT: zidanmania have given refund player gun 23 (Ammo: 1) to Ilham_Johnz!
UjangBOT: zidanmania have given refund player gun 22 (Ammo: 1) to Ilham_Johnz!
UjangBOT: zidanmania have given refund player gun 22 (Ammo: 100) to Ujank_Selekz!
UjangBOT: Ilham_Johnz have set Ujank_Selekz's armor to 100 !
 Ilham_Johnz have given Ilham_Johnz 500 Gold Coin !
 Ilham_Johnz have given Ilham_Johnz 500 Gold Coin !
UjangBOT: zidanmania have given refund player gun 30 (Ammo: 420) to Ilham_Johnz!
 Ilham_Johnz have given Ilham_Johnz $2000 !
 Ilham_Johnz have given Ilham_Johnz $2500 !
 Ilham_Johnz have set Ilham_Johnz's money to $8500 !
UjangBOT: zidanmania have given refund player gun 24 (Ammo: 142) to Ilham_Johnz!
UjangBOT: zidanmania have given refund player gun 24 (Ammo: 2) to Ilham_Johnz!
UjangBOT: zidanmania have given refund player gun 24 (Ammo: 142) to Ilham_Johnz!
 Ilham_Johnz have given Ilham_Johnz $100000 !
 Ilham_Johnz have given Ilham_Johnz $10000 !
 Ilham_Johnz have given Ilham_Johnz $10000 !
UjangBOT: Ilham_Johnz have set Reoso_Espisona's health to 0 !
UjangBOT: Ilham_Johnz have set Ilham_Johnz's health to 1 !
UjangBOT: Ilham_Johnz have set Ilham_Johnz's health to 0 !
UjangBOT: Ilham_Johnz have set Ujank_Selekz's health to 0 !
UjangBOT: Ilham_Johnz have set Ilham_Johnz's health to 0 !
UjangBOT: Ilham_Johnz have set Ujank_Selekz's health to 0 !
UjangBOT: Ilham_Johnz have set Ilham_Johnz's health to 0 !
UjangBOT: zidanmania have given admin gun 34 to Ilham_Johnz!
UjangBOT: Ilham_Johnz have set Ujank_Selekz's armor to 100 !
UjangBOT: zidanmania have given admin gun 34 to Ilham_Johnz!
UjangBOT: Ilham_Johnz have set Ujank_Selekz's health to 2 !
UjangBOT: Ilham_Johnz have set Ilham_Johnz's health to 0 !
UjangBOT: Ilham_Johnz have set Ilham_Johnz's health to 1 !
 Ilham_Johnz have set Ilham_Johnz's money to $100000 !
 Ilham_Johnz have set Ilham_Johnz's money to $130000 !
(20/6/2021)[23:12:34] Ilham_Johnz Has Set Job id 14 To Ilham_Johnz.
 Ilham_Johnz have set Reoso_Espisona's money to $9 !
 Ilham_Johnz have set Reoso_Espisona's money to $11 !
 Ilham_Johnz have set Reoso_Espisona's money to $11 !
UjangBOT: Ilham_Johnz have set Ilham_Johnz's health to 49 !
UjangBOT: Ilham_Johnz have set Ilham_Johnz's health to 50 !
UjangBOT: Ilham_Johnz have set Reoso_Espisona's health to 20 !
 Ilham_Johnz have set Reoso_Espisona's money to $10 !
UjangBOT: zidanmania have given refund player gun 27 (Ammo: 60) to Ilham_Johnz!
UjangBOT: Ilham_Johnz have set Reoso_Espisona's health to 27 !
UjangBOT: Ilham_Johnz have set Reoso_Espisona's armor to 100 !
UjangBOT: Ilham_Johnz have set Reoso_Espisona's armor to 100 !
UjangBOT: Ilham_Johnz have set Reoso_Espisona's health to 26 !
UjangBOT: Ilham_Johnz have set Reoso_Espisona's health to 26 !
UjangBOT: Ilham_Johnz have set Reoso_Espisona's armor to 26 !
UjangBOT: Ilham_Johnz have set Reoso_Espisona's armor to 26 !
UjangBOT: Ilham_Johnz have set Reoso_Espisona's health to 26 !
UjangBOT: Ilham_Johnz have set Reoso_Espisona's health to 27 !
UjangBOT: Ilham_Johnz have set Reoso_Espisona's armor to 26 !
UjangBOT: Ilham_Johnz have set Reoso_Espisona's armor to 26 !
UjangBOT: Ilham_Johnz have set Reoso_Espisona's health to 26 !
UjangBOT: Ilham_Johnz have set Reoso_Espisona's armor to 27 !
UjangBOT: Ilham_Johnz have set Reoso_Espisona's armor to 28 !
UjangBOT: Ilham_Johnz have set Reoso_Espisona's health to 25 !
UjangBOT: zidanmania have given admin gun 30 to Ujank_Loverz!
UjangBOT: zidanmania have given admin gun 28 to Ujank_Loverz!
UjangBOT: zidanmania have given admin gun 30 to Ujank_Loverz!
UjangBOT: zidanmania have given refund player gun 25 (Ammo: 80) to Ujank_Loverz!
UjangBOT: Ujank_Loverz have set Ujank_Selekz's health to 52 !
UjangBOT: Ujank_Loverz have set Ujank_Selekz's health to 51 !
UjangBOT: Ujank_Loverz have set Ujank_Selekz's health to 50 !
UjangBOT: Ujank_Loverz have set Ujank_Selekz's health to 50 !
UjangBOT: Ujank_Loverz have set Ujank_Selekz's health to 51 !
UjangBOT: Ujank_Loverz have set Ujank_Selekz's health to 51 !
UjangBOT: Ujank_Loverz have set Ujank_Selekz's health to 50 !
UjangBOT: Ujank_Loverz have set Ujank_Loverz's health to 8 !
UjangBOT: Ujank_Loverz have set Ujank_Loverz's health to 9 !
UjangBOT: Ujank_Loverz have set Ujank_Loverz's health to 10 !
UjangBOT: Ujank_Loverz have set Ujank_Loverz's health to 9 !
UjangBOT: zidanmania have given refund player gun 25 (Ammo: 80) to Reoso_Espisona!
UjangBOT: Ujank_Loverz have set Ujank_Loverz's armor to 100 !
UjangBOT: Ujank_Loverz have set Reoso_Espisona's health to 6 !
UjangBOT: Ujank_Loverz have set Ujank_Loverz's health to 50 !
UjangBOT: Ujank_Loverz have set Ujank_Loverz's health to 82 !
UjangBOT: Ujank_Loverz have set Reoso_Espisona's health to 82 !
UjangBOT: zidanmania have given refund player gun 25 (Ammo: 100) to Reoso_Espisona!
UjangBOT: Ujank_Loverz have set Ujank_Loverz's health to 19 !
UjangBOT: Ujank_Loverz have set Ujank_Loverz's health to 100 !
UjangBOT: zidanmania have given refund player gun 24 (Ammo: 100) to Reoso_Espisona!
UjangBOT: Ujank_Loverz have set Ujank_Loverz's health to 23 !
UjangBOT: Ujank_Loverz have set Ujank_Loverz's armor to 100 !
(22/6/2021)[23:48:26] Ujank_Loverz Has Set Job id 14 To Ujank_Loverz.
UjangBOT: Ujank_Loverz have set Ujank_Loverz's health to 0 !
UjangBOT: Ujank_Loverz have set Ujank_Loverz's health to 0 !
UjangBOT: Ujank_Loverz have set Ujank_Loverz's health to 1 !
UjangBOT: Ujank_Loverz have set Ujank_Loverz's health to 0 !
UjangBOT: Ujank_Loverz have set Ujank_Loverz's health to 0 !
UjangBOT: Ujank_Loverz have set Ujank_Loverz's health to 0 !
UjangBOT: zidanmania have given admin gun 27 to Ujank_Loverz!
UjangBOT: Ujank_Loverz have set Reoso_Espisona's health to 27 !
UjangBOT: Ujank_Loverz have set Reoso_Espisona's health to 28 !
UjangBOT: zidanmania have given admin gun 25 to Ujank_Loverz!
UjangBOT: zidanmania have given refund player gun 25 (Ammo: 80) to Ujank_Loverz!
UjangBOT: zidanmania have given admin gun 29 to Ujank_Loverz!
 Ujank_Loverz have set Reoso_Espisona's money to $1 !
UjangBOT: Ujank_Loverz have set Ujank_Loverz's health to 100 !
UjangBOT: Ujank_Loverz have set Ujank_Loverz's health to 100 !
UjangBOT: zidanmania have given admin gun 29 to Reoso_Espisona!
UjangBOT: zidanmania have given admin gun 29 to Ujank_Loverz!
UjangBOT: zidanmania have given admin gun 25 to Ujank_Loverz!
UjangBOT: zidanmania have given refund player gun 25 (Ammo: 80) to Ujank_Loverz!
UjangBOT: zidanmania have given admin gun 25 to Ujank_Selekz!
UjangBOT: Ujank_Loverz have set Ujank_Loverz's health to 0 !
UjangBOT: Ujank_Loverz have set Ujank_Loverz's health to 0 !
UjangBOT: Ujank_Loverz have set Ujank_Loverz's health to 0 !
UjangBOT: zidanmania have given admin gun 24 to Reoso_Espisona!
UjangBOT: zidanmania have given admin gun 34 to Reoso_Espisona!
UjangBOT: Ujank_Loverz have set Ujank_Loverz's armor to 40 !
UjangBOT: zidanmania have given admin gun 34 to Reoso_Espisona!
UjangBOT: zidanmania have given admin gun 34 to Reoso_Espisona!
UjangBOT: zidanmania have given admin gun 34 to Ujank_Loverz!
UjangBOT: zidanmania have given admin gun 34 to Reoso_Espisona!
UjangBOT: zidanmania have given admin gun 34 to Ujank_Loverz!
UjangBOT: Ujank_Loverz have set Ujank_Loverz's health to 50 !
UjangBOT: Ujank_Loverz have set Ujank_Loverz's health to 44 !
UjangBOT: zidanmania have given refund player gun 25 (Ammo: 99) to zidanmania!
UjangBOT: zidanmania have given refund player gun 25 (Ammo: 99) to Reoso_Espisona!
UjangBOT: zidanmania have set zidanmania's health to 44 !
UjangBOT: Ujank_Loverz have set Ujank_Loverz's health to 44 !
UjangBOT: Ujank_Loverz have set Ujank_Loverz's health to 49 !
UjangBOT: zidanmania have given admin gun 25 to Ujank_Selekz!
UjangBOT: zidanmania have given admin gun 25 to Ujank_Selekz!
UjangBOT: zidanmania have given admin gun 34 to Reoso_Espisona!
UjangBOT: zidanmania have given admin gun 31 to Reoso_Espisona!
UjangBOT: zidanmania have given admin gun 31 to Ujank_Loverz!
UjangBOT: zidanmania have given admin gun 30 to Ujank_Loverz!
UjangBOT: zidanmania have given admin gun 30 to Reoso_Espisona!
UjangBOT: zidanmania have given admin gun 30 to Reoso_Espisona!
UjangBOT: Ujank_Loverz have set Mimi_Peri's health to 0 !
UjangBOT: zidanmania have given admin gun 34 to Ujank_Loverz!
UjangBOT: zidanmania have given admin gun 30 to Mimi_Peri!
UjangBOT: zidanmania have given admin gun 30 to Ujank_Loverz!
UjangBOT: Ujank_Loverz have set Ujank_Loverz's health to 0 !
UjangBOT: Ujank_Loverz have set Ujank_Loverz's health to 0 !
UjangBOT: Ujank_Loverz have set Ujank_Loverz's health to 0 !
UjangBOT: Ujank_Loverz have set Mimi_Peri's health to 10 !
UjangBOT: zidanmania have given admin gun 25 to Ujank_Loverz!
UjangBOT: zidanmania have given admin gun 25 to Ujank_Loverz!
UjangBOT: zidanmania have given admin gun 25 to Ujank_Selekz!
UjangBOT: zidanmania have given refund player gun 25 (Ammo: 120) to Ujank_Loverz!
UjangBOT: Ujank_Loverz have set Ujank_Loverz's health to 0 !
UjangBOT: Ujank_Loverz have set Ujank_Loverz's health to 0 !
UjangBOT: Ujank_Loverz have set Mimi_Peri's health to 0 !
 Ujank_Loverz have given Mimi_Peri 50 Gold Coin !
UjangBOT: Ujank_Loverz have set Mimi_Peri's health to 0 !
UjangBOT: Ujank_Loverz have set Mimi_Peri's health to 0 !
UjangBOT: Ujank_Loverz have set Ujank_Loverz's health to 0 !
UjangBOT: Ujank_Loverz have set Ujank_Loverz's health to 0 !
UjangBOT: Ujank_Loverz have set Mimi_Peri's health to 0 !
(24/6/2021)[16:21:38] Ujank_Loverz Has Set Job id 17 To Ujank_Loverz.
(24/6/2021)[16:24:6] Ujank_Loverz Has Set Job id 17 To Mimi_Peri.
UjangBOT: Ujank_Loverz have set Ujank_Loverz's health to 0 !
UjangBOT: Ujank_Loverz have set Mimi_Peri's health to 0 !
UjangBOT: Ujank_Loverz have set Ujank_Loverz's health to 0 !
UjangBOT: Ujank_Loverz have set Ujank_Loverz's health to 0 !
UjangBOT: Ujank_Loverz have set Ujank_Loverz's health to 0 !
UjangBOT: Ujank_Loverz have set Mimi_Peri's health to 0 !
UjangBOT: zidanmania have given admin gun 3 to Mimi_Peri!
UjangBOT: zidanmania have given admin gun 30 to Mimi_Peri!
UjangBOT: Ujank_Loverz have set Mimi_Peri's health to 0 !
UjangBOT: Ujank_Loverz have set Mimi_Peri's health to 0 !
UjangBOT: Ujank_Loverz have set Mimi_Peri's health to 0 !
UjangBOT: Ujank_Loverz have set Mimi_Peri's health to 0 !
UjangBOT: Ujank_Loverz have set Mimi_Peri's health to 0 !
UjangBOT: Ujank_Loverz have set Ujank_Loverz's health to 0 !
UjangBOT: Ujank_Loverz have set Mimi_Peri's health to 0 !
UjangBOT: Ujank_Loverz have set Mimi_Peri's health to 0 !
UjangBOT: Ujank_Loverz have set Ujank_Loverz's health to 0 !
UjangBOT: Ujank_Loverz have set Ujank_Loverz's health to 0 !
UjangBOT: Mimi_Peri have set Mimi_Peri's health to 0 !
UjangBOT: Mimi_Peri have set Mimi_Peri's health to 0 !
UjangBOT: Mimi_Peri have set Mimi_Peri's health to 0 !
UjangBOT: Mimi_Peri have set Mimi_Peri's health to 0 !
UjangBOT: Mimi_Peri have set Mimi_Peri's health to 0 !
UjangBOT: Mimi_Peri have set Mimi_Peri's health to 0 !
UjangBOT: Mimi_Peri have set Mimi_Peri's health to 0 !
UjangBOT: Mimi_Peri have set Mimi_Peri's health to 0 !
UjangBOT: Mimi_Peri have set Mimi_Peri's health to 0 !
UjangBOT: Mimi_Peri have set Mimi_Peri's health to 0 !
UjangBOT: Mimi_Peri have set Mimi_Peri's health to 0 !
UjangBOT: Mimi_Peri have set Mimi_Peri's health to 0 !
UjangBOT: Mimi_Peri have set Mimi_Peri's health to 0 !
UjangBOT: zidanmania have given refund player gun 25 (Ammo: 900) to Mimi_Peri!
UjangBOT: Ujank_Loverz have set Ujank_Loverz's health to 0 !
UjangBOT: Ujank_Loverz have set Ujank_Loverz's health to 0 !
UjangBOT: Ujank_Loverz have set Ujank_Loverz's health to 0 !
UjangBOT: Ujank_Loverz have set Ujank_Loverz's health to 0 !
UjangBOT: Ujank_Loverz have set Mimi_Peri's health to 0 !
UjangBOT: Ujank_Loverz have set Mimi_Peri's health to 0 !
UjangBOT: zidanmania have given admin gun 37 to Ujank_Loverz!
UjangBOT: zidanmania have given admin gun 38 to Ujank_Loverz!
UjangBOT: zidanmania have given admin gun 25 to Mimi_Peri!
UjangBOT: zidanmania have given admin gun 25 to Ujank_Loverz!
UjangBOT: Ujank_Loverz have set Mimi_Peri's health to 0 !
UjangBOT: Ujank_Loverz have set Mimi_Peri's health to 1 !
UjangBOT: Ujank_Loverz have set Mimi_Peri's health to 1 !
UjangBOT: Ujank_Loverz have set Mimi_Peri's health to 2 !
UjangBOT: zidanmania have given admin gun 25 to Ujank_Loverz!
UjangBOT: Ujank_Loverz have set Mimi_Peri's health to 2 !
UjangBOT: Ujank_Loverz have set Ujank_Loverz's health to 5 !
UjangBOT: Ujank_Loverz have set Ujank_Loverz's health to 7 !
UjangBOT: Ujank_Loverz have set Ujank_Loverz's health to 8 !
UjangBOT: Ujank_Loverz have set Ujank_Loverz's health to 8 !
UjangBOT: Ujank_Loverz have set Mimi_Peri's health to 1 !
UjangBOT: zidanmania have given refund player gun 35 (Ammo: 10) to Ujank_Loverz!
(25/6/2021)[23:27:1] Ujank_Loverz Has Set Job id 9 To Ujank_Loverz.
UjangBOT: zidanmania have given refund player gun 35 (Ammo: 10) to Ujank_Loverz!
UjangBOT: zidanmania have given refund player gun 35 (Ammo: 10) to Ujank_Loverz!
UjangBOT: zidanmania have given refund player gun 35 (Ammo: 10) to Ujank_Loverz!
UjangBOT: zidanmania have given refund player gun 34 (Ammo: 10) to Ujank_Loverz!
UjangBOT: Ujank_Loverz have set Ujank_Loverz's health to 0 !
 Anthony_Grimes have given Anthony_Grimes 1000 Gold Coin !
UjangBOT: zidanmania have given refund player gun 30 (Ammo: 1) to Anthony_Grimes!
UjangBOT: zidanmania have given refund player gun 30 (Ammo: 50) to Anthony_Grimes!
UjangBOT: zidanmania have given refund player gun 30 (Ammo: 90) to Anthony_Grimes!
 Anthony_Grimes have set Anthony_Grimes's money to $100000 !
UjangBOT: zidanmania have given refund player gun 24 (Ammo: 3) to Anthony_Grimes!
UjangBOT: zidanmania have given refund player gun 24 (Ammo: 3) to Anthony_Grimes!
UjangBOT: Anthony_Grimes have set Anthony_Grimes's health to 500 !
UjangBOT: Anthony_Grimes have set Anthony_Grimes's health to 150 !
 Anthony_Grimes have set Anthony_Grimes's money to $5000 !
 Anthony_Grimes have set Anthony_Grimes's money to $500000 !
(29/7/2021)[14:37:48] Anthony_Grimes Has Set Job id 17 To Anthony_Grimes.
UjangBOT: Anthony_Grimes have set Anthony_Grimes's health to 0 !
 OWNERSHIP have given OWNERSHIP 100 Gold Coin !
SERVER: Clay have given admin gun 34 to OWNERSHIP!
SERVER: Clay have given admin gun 24 to OWNERSHIP!
 OWNERSHIP have given OWNERSHIP $10000000 !
SERVER: OWNERSHIP have set OWNERSHIP's armor to 100 !
 Clay have given Clay $50000 !
(10/11/2023)[11:57:50] OWNERSHIP Has Set Job id 2 To OWNERSHIP.
(10/11/2023)[11:57:58] OWNERSHIP Has Set Job id 1 To OWNERSHIP.
(10/11/2023)[11:58:1] OWNERSHIP Has Set Job id 4 To OWNERSHIP.
(10/11/2023)[11:58:4] OWNERSHIP Has Set Job id 5 To OWNERSHIP.
