[1/8/2011] Tommy_Martins has set Akshay_Papa's Level to 12
[1/8/2011] Tommy_Martins has set Akshay_Papa's Level to 14
[1/8/2011] Tommy_Martins has set Jinx_Rex's Level to 18
[1/8/2011] Tommy_Martins has set Toshi_Akira's Level to 9
Owner: Tommy_Martins
Akshay_Papa has renamed Jinx_Rex to Akshay_Chacha.
Owner: Akshay
Owner: Tommy_Martins
Owner: Akshay_Mama
Akshay_Chacha has renamed Toshi_Akira to Jinx_Rex.
Tommy_Martins has renamed Akshay_Chacha to Jinx_Diaz.
Jinx_Rex has renamed Jinx_Rex to Tommy_Marlins.
Jinx_Diaz has renamed Jinx_Diaz to Jinx_Rex.
Tommy_Marlins has renamed Tommy_Marlins to Toshi_Akira.
[1/8/2011] Tommy_Martins has set Tommy_Martins's Level to 27
[1/8/2011] Tommy_Martins has set Tommy_Martins's Cash to $6000000
[1/8/2011] Tommy_Martins has set Tommy_Martins's Bank Account to $36000000
[1/8/2011] Tommy_Martins has set Tommy_Martins's Materials to 460000
[1/8/2011] Tommy_Martins has set Tommy_Martins's Pot to 254
[1/8/2011] Tommy_Martins has set Tommy_Martins's Crack to 134
[1/8/2011] Tommy_Martins has set Tommy_Martins's Gun Dealer Level to 5
[1/8/2011] Tommy_Martins has set Tommy_Martins's Car Jacker Level to 5
[1/8/2011] Tommy_Martins has set Tommy_Martins's Detective Level to 5
[1/8/2011] Tommy_Martins has set Tommy_Martins's Lawyer Level to 5
[1/8/2011] Tommy_Martins has set Tommy_Martins's Cash to $6430000
[1/8/2011] Tommy_Martins has set Tommy_Martins's Cash to $6437658
[2/8/2011] Steve_Brad has set Steve_Brad's Level to 199
[2/8/2011] Tommy_Martins has set Steve_Brad's Level to 23
[4/8/2011] Akshay_Papa has set Akshay_Papa's Cash to $-159383553
[4/8/2011] Akshay_Papa has set Akshay_Papa's Cash to $-1530494977
[4/8/2011] Akshay_Papa has set Akshay_Papa's Cash to $1410065407
[6/8/2011] Jhon_Viz has set Jhon_Viz's Level to 5
[6/8/2011] Jhon_Viz has set Jhon_Viz's Cash to $-1981284352
[6/8/2011] Jhon_Viz has set Jhon_Viz's Cash to $1410065408
Stefan_Mitrevski has renamed Carl_Johnson to Sweet_Johnson.
[6/8/2011] Tommy_Martins has set Tommy_Martins's Level to 1
[15/8/2011] Tommy_Martins has set Tommy_Martins's Level to 12
[18/8/2011] Tommy_Martins has set Tommy_Martins's Level to 12
[19/8/2011] Miks_Speed has set Miks_Speed's Level to 2
[22/8/2011] Akshay_Papa has set Akshay_Papa's Cash to $50000
[22/8/2011] Akshay_Papa has set Akshay_Papa's Level to 12
[22/8/2011] Tommy_Martins has set Tommy_Martins's Level to 1
Tommy_Martins has renamed Tommy_Martins to Black_Hawk.
Black_Hawk has renamed Black_Hawk to Tommy_Martins.
[24/8/2011] Tommy_Martins has set Tommy_Martins's Level to 12
[25/8/2011] John_Freeze has set John_Freeze's Level to 100
[25/8/2011] John_Freeze has set John_Freeze's Cash to $100000000
[28/8/2011] Steve_Brad has set Steve_Brad's Level to 123
[28/8/2011] Steve_Brad has set Steve_Brad's Cash to $100000000
[28/8/2011] Steve_Brad has set Steve_Brad's Materials to 514533
[28/8/2011] Smoke_Ryder has set Smoke_Ryder's Level to 20
[28/8/2011] Smoke_Ryder has set Smoke_Ryder's Cash to $1000000000
[28/8/2011] Smoke_Ryder has set Smoke_Ryder's Bank Account to $1410065408
[28/8/2011] Smoke_Ryder has set Smoke_Ryder's Materials to 1000000000
[28/8/2011] Smoke_Ryder has set Smoke_Ryder's Crack to -727379968
[28/8/2011] Smoke_Ryder has set Smoke_Ryder's Crack to 100000000
[28/8/2011] Smoke_Ryder has set Smoke_Ryder's Pot to 100000000
[28/8/2011] Smoke_Ryder has set Smoke_Ryder's Gun Dealer Level to 5
[28/8/2011] Smoke_Ryder has set Smoke_Ryder's Car Jacker Level to 5
[28/8/2011] Smoke_Ryder has set Smoke_Ryder's Detective Level to 5
[28/8/2011] Smoke_Ryder has set Smoke_Ryder's Lawyer Level to 5
[28/8/2011] Smoke_Ryder has set Smoke_Ryder's Mechanic Level to 5
[28/8/2011] Smoke_Ryder has set Smoke_Ryder's Drug Dealer Level to 5
[28/8/2011] Alice_Rich has set Alice_Rich's Level to 25
[28/8/2011] Smoke_Ryder has set Smoke_Ryder's Sex Level to 5
[28/8/2011] Alice_Rich has set Alice_Rich's Cash to $-402653184
[28/8/2011] Smoke_Ryder has set Smoke_Ryder's Boxing Level to 5
[28/8/2011] Smoke_Ryder has set Smoke_Ryder's Fishing Level to 5
[28/8/2011] Alice_Rich has set Alice_Rich's Cash to $1000000000
[28/8/2011] Tommy_Martins has set Steve_Brad's Level to 32
[2/9/2011] Tommy_Martins has set Randy_McRoy's Level to 8
[2/9/2011] Tommy_Martins has set Randy_McRoy's Cash to $3000000
[2/9/2011] Tommy_Martins has set Randy_McRoy's Materials to 100000
[2/9/2011] Tommy_Martins has set Randy_McRoy's Gun Dealer Level to 5
[2/9/2011] Tommy_Martins has set Randy_McRoy's Car Jacker Level to 5
[2/9/2011] Tommy_Martins has set Randy_McRoy's Detective Level to 5
[2/9/2011] Tommy_Martins has set Randy_McRoy's Lawyer Level to 5
[2/9/2011] Tommy_Martins has set Randy_McRoy's Crack to 100
[2/9/2011] Tommy_Martins has set Randy_McRoy's Pot to 100
[2/9/2011] Tommy_Martins has set Eddy_Bell's Cash to $10000000
[2/9/2011] Tommy_Martins has set Eddy_Bell's Bank Account to $10000000
[2/9/2011] Tommy_Martins has set Eddy_Bell's Materials to 500000
[2/9/2011] Tommy_Martins has set Eddy_Bell's Crack to 500
[2/9/2011] Tommy_Martins has set Eddy_Bell's Pot to 500
[2/9/2011] Eddy_Bell has set Eddy_Bell's Level to 21
[2/9/2011] Eddy_Bell has set Eddy_Bell's Cash to $1000000000
[2/9/2011] Eddy_Bell has set Eddy_Bell's Bank Account to $100000000
[2/9/2011] Eddy_Bell has set Eddy_Bell's Materials to 100000000
[2/9/2011] Ethan has set Daniel_Storer's Level to 5
Tommy_Martins has renamed Ethan to Ethan_Putato.
Tommy_Martins has renamed Ethan_Putato to Patau.
Tommy_Martins has renamed Patau to Ethan_Patau.
[3/9/2011] Tommy_Martins has set Ethan_Patau's Level to 6
[3/9/2011] Ethan_Patau has set Ethan_Patau's Cash to $1
[3/9/2011] Ethan_Patau has set Ethan_Patau's Cash to $50005
[3/9/2011] Ethan_Patau has set Ethan_Patau's Gun Dealer Level to 5
[3/9/2011] Ethan_Patau has set Ethan_Patau's Pot to 0
[15/10/2011] Tommy_Martins has set Tommy_Martins's Family to 1
[31/10/2011] Tommy_Martins has set Tommy_Martins's Cash to $1
[31/10/2011] Tommy_Martins has set Tommy_Martins's Level to 1
[31/10/2011] Tommy_Martins has set Tommy_Martins's Cash to $4
[7/11/2011] Tommy_Martins has set Tommy_Martins's Level to 0
[7/11/2011] Tommy_Martins has set Tommy_Martins's Level to 10
[8/11/2011] Tommy_Martins has set Tommy_Martins's Level to 12
[8/11/2011] Tommy_Martins has set Tommy_Martins's Cash to $50000000
Tommy_Martins has renamed Tommy_Martins to Ttext.
Ttext has renamed Ttext to Tommy_Martins.
[27/11/2011] Tommy_Martins has set Tommy_Martins's Level to 5
[1/12/2011] Tommy_Martins has set Tommy_Martins's Level to 1
[1/12/2011] Herald_Groove has set Herald_Groove's Level to 10
[16/12/2011] John_Martins has set John_Martins's Level to 1337
[16/12/2011] Tommy_Martins has set John_Martins's Level to 1
[16/12/2011] Tommy_Martins has set John_Martins's Level to 4
[5/1/2012] Tommy_Martins has set Rick_iPN's Level to 5
[8/1/2012] Tommy_Martins has set Tommy_Martins's Level to 1
[8/1/2012] Jeff_Aker has set Jeff_Aker's Bank Account to $332398592
[29/1/2012] Tommy_Repalone has set Tommy_Repalone's Level to 20
[12/3/2012] Jack_Martins has set Jack_Martins's Level to 5
[12/3/2012] Jack_Martins has set Jack_Martins's ArmorUpgade to 10
[12/3/2012] Jack_Martins has set Jack_Martins's Phone Number to 4294
[16/3/2012] Tommy_Martins has set Tommy_Martins's Gun Dealer Level to 2
[16/3/2012] Tommy_Martins has set Tommy_Martins's Gun parts to 5000
[16/3/2012] Tommy_Martins has set Tommy_Martins's Gun Dealer Level to 3
[16/3/2012] Tommy_Martins has set Tommy_Martins's Gun Dealer Level to 5
[16/3/2012] Tommy_Martins has set Tommy_Martins's Gun parts to 525252
[16/3/2012] Tommy_Martins has set Tommy_Martins's Crack to 0
[16/3/2012] Tommy_Martins has set Tommy_Martins's Level to 1
[16/3/2012] Tommy_Martins has set Tommy_Martins's Cash to $200
[16/3/2012] Tommy_Martins has set Tommy_Martins's Cash to $100
[16/3/2012] Tommy_Martins has set Tommy_Martins's Gun parts to 0
[16/3/2012] Tommy_Martins has set Tommy_Martins's Bank Account to $0
[16/3/2012] Tommy_Martins has set Tommy_Martins's Bank Account to $1000
[16/3/2012] Tommy_Martins has set Tommy_Martins's Pot to 0
[16/3/2012] Tommy_Martins has set Tommy_Martins's Gun Dealer Level to 1
[16/3/2012] Tommy_Martins has set Tommy_Martins's Car Jacker Level to 1
[6/5/2012] Tommy_Martins has set Tommy_Martins's Gun Dealer Level to 5
[6/5/2012] Tommy_Martins has set Tommy_Martins's Gun parts to 200
[6/5/2012] Tommy_Martins has set Tommy_Martins's Gun parts to 0
[7/5/2012] Tommy_Martins has set Tommy_Martins's Family to 1
[11/5/2012] Tommy_Martins has set Tommy_Martins's Family to 1
[18/5/2012] Tommy_Martins has set emet_san's Gun Dealer Level to 5
[18/5/2012] Tommy_Martins has set emet_san's Gun parts to 5000
[18/5/2012] Tommy_Martins has set Tommy_Martins's Gun parts to 5000
[26/5/2012] Tommy_Martins has set Tommy_Martins's Family to 1
[9/6/2012] Tommy_Martins has set Tommy_Martins's Bank Account to $500
[9/6/2012] Joy_Freed has set Joy_Freed's Cash to $999999999
[9/6/2012] Joy_Freed has set Joy_Freed's Cash to $0
[9/6/2012] Joy_Freed has set Joy_Freed's Level to 0
[9/6/2012] Joy_Freed has set Joy_Freed's Level to 0
[9/6/2012] Joy_Freed has set Joy_Freed's Cash to $9999
[14/6/2012] Joy_Freed has set Joy_Freed's Cash to $0
[14/6/2012] Joy_Freed has set Joy_Freed's Level to 0
[14/6/2012] Joy_Freed has set Joy_Freed's Cash to $0
[14/6/2012] Joy_Freed has set Joy_Freed's Cash to $999
[22/6/2012] Tommy_Martins has set Tommy_Martins's Gun parts to 500
[22/6/2012] Joy_Freed has set Tommy_Martins's Phone Number to 1
[22/6/2012] Joy_Freed has set Joy_Freed's Phone Number to 2
[22/6/2012] Joy_Freed has set Joy_Freed's Phone Number to 2
[22/6/2012] Joy_Freed has set Joy_Freed's Phone Number to 3
[27/6/2012] Joy_Freed has set Joy_Freed's Cash to $999999999
[28/6/2012] Joy_Freed has set Joy_Freed's Cash to $5000000
[28/6/2012] Justin_Roleplay has set Tommy_Martins's Cash to $55555555
[28/6/2012] Justin_Roleplay has set Justin_Roleplay's Cash to $-1780336413
[28/6/2012] Justin_Roleplay has set Justin_Roleplay's Cash to $99999
[28/6/2012] Justin_Roleplay has set Justin_Roleplay's Level to 95
[28/7/2012] Kris_Yellow has set Kris_Yellow's Level to 10
[28/7/2012] Kris_Yellow has set Kris_Yellow's Cash to $1000000
[3/8/2012] Tommy_Martins has set Matthew_Farrell's Gun Dealer Level to 5
[3/8/2012] Tommy_Martins has set Tommy_Martins's Gun Dealer Level to 5
[3/8/2012] Tommy_Martins has set Matthew_Farrell's Gun parts to 500000
[19/8/2012] Tommy_Martins has set Tommy_Martins's Level to 0
[20/9/2012] Steve_Williams has set Steve_Williams's Level to 1
[20/9/2012] Steve_Williams has set Steve_Williams's Level to 1
[20/9/2012] Steve_Williams has set Steve_Williams's Level to 1337
[20/9/2012] Steve_Williams has set Steve_Williams's Gun Dealer Level to 5
[20/9/2012] Steve_Williams has set Steve_Williams's Bank Account to $100000000
[20/9/2012] Steve_Williams has set Steve_Williams's Pot to 5000
[20/9/2012] Steve_Williams has set Steve_Williams's Crack to 5000
[20/9/2012] Steve_Williams has set Steve_Williams's Gun parts to 1000000
[26/10/2012] Tommy_Martins has set Tommy_Martins's Bank Account to $5000000
[8/12/2012] Tommy_Martins has set Tommy_Martins's Level to 2
[26/12/2012] Tommy_Martins has set Tommy_Martins's Level to 4
[5/2/2013] Tommy_Martins has set Tommy_Martins's Level to 12
[10/2/2013] Fouz has set Fouz's Cash to $1000000
[6/3/2013] Puppy_Balls has set Puppy_Balls's Level to 8888
[6/3/2013] Puppy_Balls has set Puppy_Balls's Cash to $-1821689629
[6/3/2013] Puppy_Balls has set Puppy_Balls's Cash to $55555555
[6/3/2013] Puppy_Balls has set Puppy_Balls's Cash to $999999999
[6/3/2013] Puppy_Balls has set Puppy_Balls's Sex Level to 5
[15/3/2013] Vinay_Ramcharan has set Vinay_Ramcharan's Level to 5
[8/1/2014] Antonio_Freeman has set Antonio_Freeman's Phone Number to 2511
[7/9/2020] Arthur_Forrester has set Arthur_Forrester's Gun parts to 5000
[7/9/2020] Arthur_Forrester has set Arthur_Forrester's Gun parts to 5000
[7/9/2020] Arthur_Forrester has set Arthur_Forrester's Gun parts to 10000
[12/9/2020] Arthur_Forrester has set Arthur_Forrester's Gun parts to 3000
[22/9/2020] Shiva_Weston has set Shiva_Weston's Gun parts to 5000
[23/9/2020] Shiva_Weston has set Shiva_Weston's Gun parts to 10000
[23/9/2020] Shiva_Weston has set Shiva_Weston's Gun parts to 10000
[16/10/2020] Arthur_Forrester has set Arthur_Forrester's Level to 5
[6/11/2020] Arthur_Forrester has set Arthur_Forrester's Gun parts to 5000
[21/11/2020] Arthur_Forrester has set Arthur_Forrester's Level to 1
[21/11/2020] Arthur_Forrester has set Arthur_Forrester's Level to 1
[29/11/2020] Wyatt_Price has set Wyatt_Price's Cash to $50000
[29/11/2020] Wyatt_Price has set Wyatt_Price's Level to 12
[29/11/2020] Wyatt_Price has set Ateng's Level to 5
[15/12/2020] Wyatt_Price has set Wyatt_Price's Mechanic Level to 5
[9/6/2021] Ilham_Johnz has set Ilham_Johnz's Gun parts to 500
[9/6/2021] Ilham_Johnz has set Ilham_Johnz's Gun parts to 2000
[18/6/2021] Ilham_Johnz has set Ilham_Johnz's Gun Dealer Level to 5
[18/6/2021] Ilham_Johnz has set Ilham_Johnz's Gun parts to 8000
[18/6/2021] Ilham_Johnz has set Ilham_Johnz's Gun parts to 1500
[25/6/2021] Ujank_Loverz has set Ujank_Loverz's Gun parts to 16000
[25/6/2021] Ujank_Loverz has set Ujank_Loverz's Gun Dealer Level to 5
[25/6/2021] Ujank_Loverz has set Ujank_Loverz's Gun parts to 5000
[26/6/2021] Ujank_Loverz has set Ujank_Loverz's Gun parts to 5000
[26/6/2021] Ujank_Loverz has set Ujank_Loverz's Gun parts to 5000
[29/7/2021] Anthony_Grimes has set Anthony_Grimes's Level to 5
[18/9/2021] OWNERSHIP has set OWNERSHIP's Respect Points to 3
[18/9/2021] OWNERSHIP has set OWNERSHIP's Mechanic Level to 5
[18/9/2021] OWNERSHIP has set OWNERSHIP's Gun Dealer Level to 5
[18/9/2021] OWNERSHIP has set OWNERSHIP's Drug Dealer Level to 5
