AdmCmd: Toshi_Akira was kicked by Tommy_Martins, reason: relog (8-1-2011).
AdmCmd: Toshi_Akira was kicked by Tommy_Martins, reason: relog (8-1-2011).
AdmCmd: Akshay_Papa was kicked by Tommy_Martins, reason: relog (8-1-2011).
AdmCmd: Toshi_Akira was kicked by Tommy_Martins, reason: relog  (8-1-2011).
AdmCmd: Toshi_Akira was kicked by Toshi_Akira, reason: Akshay I'am leaving cause of you!!!!! (8-1-2011).
AdmCmd: Steve_Brad was kicked, reason: Attempting to kick admin Tommy_Martins (8-2-2011).
AdmCmd: Akshay_Papa was kicked by Tommy_Martins, reason: here :) (8-5-2011).
AdmCmd: alvarino_mlk was kicked by Steve_Brad, reason: Relog with Acapital Name Like Alice_Rich (8-28-2011).
AdmCmd: Tommy_Martins was kicked by Tommy_Martins, reason: test (8-31-2011).
{AA3333}AdmCmd{FFFF00}: Tommy_Martins was kicked by Tommy_Martins, reason: tEST (8-31-2011).
{AA3333}AdmCmd{FFFF00}: John_Tylor was kicked by John_Tylor, reason: Bugged (8-31-2011).
{AA3333}AdmCmd{FFFF00}: Tommy_Martins was kicked by Jeff_Aker, reason: nig (1-8-2012).
{AA3333}AdmCmd{FFFF00}: Rick_Carter was kicked by Tommy_Martins, reason: still (8-5-2012).
{AA3333}AdmCmd{FFFF00}: Emily_Zach was kicked by Alfie_Fowler, reason: Bugged, Come BVack (8-12-2012).
{AA3333}AdmCmd{FFFF00}: Fedor_Bivinski was kicked by Tommy_Martins, reason: relog xd (10-23-2012).
{AA3333}AdmCmd{FFFF00}: [Aws]Jdey was kicked by Tommy_Martins, reason: k let's go - no time for you :p (1-8-2013).
{AA3333}AdmCmd{FFFF00}: Tom_Fox was kicked by Tom_Fox, reason: Testing (2-4-2013).
{AA3333}AdmCmd{FFFF00}: Nino_Poutso was kicked by Marcus_Alvarez, reason: name change (1-8-2014).
AdmCmd: Arthur_Forrester was kicked by Arthur_Forrester, reason: p (9-7-2020).
AdmCmd: Arthur_Forrester was kicked by Arthur_Forrester, reason: pehhhhh (9-10-2020).
AdmCmd: Arthur_Forrester was kicked by Arthur_Forrester, reason: QS (9-10-2020).
AdmCmd: TES was kicked by Shiva_Weston, reason: afk (9-15-2020).
AdmCmd: Shiva_Weston was kicked by Shiva_Weston, reason: 0 (9-18-2020).
AdmCmd: zidanmania2 was kicked by , reason: p (6-8-2021).
AdmCmd: Ujang_Susanto was kicked by , reason: BLOG (8-12-2021).
AdmCmd: Clay_Hann was kicked by , reason: relog (8-16-2021).
